[2012/02/27 12:19:09] /Users/michaelharrison/Documents/IT/code/git/tmn/TMN/php/classes/TmnCrud.php; ln 522; Light Exception; TmnCrud Exception: Type mismatch. ft_pt_os=Overseas should be of type: Integer
#0 /Users/michaelharrison/Documents/IT/code/git/tmn/TMN/php/classes/TmnCrud.php(479): TmnCrud->valueMatchesType('ft_pt_os', 'Overseas', 'i')
#1 /Users/michaelharrison/Documents/IT/code/git/tmn/TMN/php/classes/TmnCrudSession.php(351): TmnCrud->loadDataFromAssocArray(Array)
#2 /Users/michaelharrison/Documents/IT/code/git/tmn/TMN/php/submit_tmn_for_authorisation.php(152): TmnCrudSession->loadDataFromAssocArray(Array)
#3 {main}
[2012/02/27 12:19:09] /Users/michaelharrison/Documents/IT/code/git/tmn/TMN/php/classes/TmnCrud.php; ln 522; Light Exception; TmnCrud Exception: Type mismatch. s_ft_pt_os=Overseas should be of type: Integer
#0 /Users/michaelharrison/Documents/IT/code/git/tmn/TMN/php/classes/TmnCrud.php(479): TmnCrud->valueMatchesType('s_ft_pt_os', 'Overseas', 'i')
#1 /Users/michaelharrison/Documents/IT/code/git/tmn/TMN/php/classes/TmnCrudSession.php(351): TmnCrud->loadDataFromAssocArray(Array)
#2 /Users/michaelharrison/Documents/IT/code/git/tmn/TMN/php/submit_tmn_for_authorisation.php(152): TmnCrudSession->loadDataFromAssocArray(Array)
#3 {main}
[2012/02/27 12:19:09] /Users/michaelharrison/Documents/IT/code/git/tmn/TMN/php/classes/TmnCrud.php; ln 522; Light Exception; TmnCrud Exception: Type mismatch. monthly_housing=-- should be of type: Integer
#0 /Users/michaelharrison/Documents/IT/code/git/tmn/TMN/php/classes/TmnCrud.php(479): TmnCrud->valueMatchesType('monthly_housing', '--', 'i')
#1 /Users/michaelharrison/Documents/IT/code/git/tmn/TMN/php/classes/TmnCrudSession.php(351): TmnCrud->loadDataFromAssocArray(Array)
#2 /Users/michaelharrison/Documents/IT/code/git/tmn/TMN/php/submit_tmn_for_authorisation.php(152): TmnCrudSession->loadDataFromAssocArray(Array)
#3 {main}
[2012/04/09 01:37:08] /Users/michaelharrison/Documents/IT/code/git/tmn/TMN/php/classes/TmnCrud.php; ln 522; Light Exception; TmnCrud Exception: Type mismatch. ft_pt_os=Overseas should be of type: Integer
#0 /Users/michaelharrison/Documents/IT/code/git/tmn/TMN/php/classes/TmnCrud.php(479): TmnCrud->valueMatchesType('ft_pt_os', 'Overseas', 'i')
#1 /Users/michaelharrison/Documents/IT/code/git/tmn/TMN/php/classes/TmnCrudSession.php(357): TmnCrud->loadDataFromAssocArray(Array)
#2 /Users/michaelharrison/Documents/IT/code/git/tmn/TMN/php/submit_tmn_for_authorisation.php(152): TmnCrudSession->loadDataFromAssocArray(Array)
#3 {main}
[2012/04/09 01:37:08] /Users/michaelharrison/Documents/IT/code/git/tmn/TMN/php/classes/TmnCrud.php; ln 522; Light Exception; TmnCrud Exception: Type mismatch. s_ft_pt_os=Overseas should be of type: Integer
#0 /Users/michaelharrison/Documents/IT/code/git/tmn/TMN/php/classes/TmnCrud.php(479): TmnCrud->valueMatchesType('s_ft_pt_os', 'Overseas', 'i')
#1 /Users/michaelharrison/Documents/IT/code/git/tmn/TMN/php/classes/TmnCrudSession.php(357): TmnCrud->loadDataFromAssocArray(Array)
#2 /Users/michaelharrison/Documents/IT/code/git/tmn/TMN/php/submit_tmn_for_authorisation.php(152): TmnCrudSession->loadDataFromAssocArray(Array)
#3 {main}
[2012/04/09 01:41:01] /Users/michaelharrison/Documents/IT/code/git/tmn/TMN/php/classes/TmnCrud.php; ln 522; Light Exception; TmnCrud Exception: Type mismatch. ft_pt_os=Overseas should be of type: Integer
#0 /Users/michaelharrison/Documents/IT/code/git/tmn/TMN/php/classes/TmnCrud.php(479): TmnCrud->valueMatchesType('ft_pt_os', 'Overseas', 'i')
#1 /Users/michaelharrison/Documents/IT/code/git/tmn/TMN/php/classes/TmnCrudSession.php(357): TmnCrud->loadDataFromAssocArray(Array)
#2 /Users/michaelharrison/Documents/IT/code/git/tmn/TMN/php/submit_tmn_for_authorisation.php(152): TmnCrudSession->loadDataFromAssocArray(Array)
#3 {main}
[2012/04/09 01:41:01] /Users/michaelharrison/Documents/IT/code/git/tmn/TMN/php/classes/TmnCrud.php; ln 522; Light Exception; TmnCrud Exception: Type mismatch. s_ft_pt_os=Overseas should be of type: Integer
#0 /Users/michaelharrison/Documents/IT/code/git/tmn/TMN/php/classes/TmnCrud.php(479): TmnCrud->valueMatchesType('s_ft_pt_os', 'Overseas', 'i')
#1 /Users/michaelharrison/Documents/IT/code/git/tmn/TMN/php/classes/TmnCrudSession.php(357): TmnCrud->loadDataFromAssocArray(Array)
#2 /Users/michaelharrison/Documents/IT/code/git/tmn/TMN/php/submit_tmn_for_authorisation.php(152): TmnCrudSession->loadDataFromAssocArray(Array)
#3 {main}
[2012/04/09 02:02:26] /Users/michaelharrison/Documents/IT/code/git/tmn/TMN/php/classes/TmnCrud.php; ln 522; Light Exception; TmnCrud Exception: Type mismatch. ft_pt_os=Overseas should be of type: Integer
#0 /Users/michaelharrison/Documents/IT/code/git/tmn/TMN/php/classes/TmnCrud.php(479): TmnCrud->valueMatchesType('ft_pt_os', 'Overseas', 'i')
#1 /Users/michaelharrison/Documents/IT/code/git/tmn/TMN/php/classes/TmnCrudSession.php(357): TmnCrud->loadDataFromAssocArray(Array)
#2 /Users/michaelharrison/Documents/IT/code/git/tmn/TMN/php/submit_tmn_for_authorisation.php(152): TmnCrudSession->loadDataFromAssocArray(Array)
#3 {main}
[2012/04/09 02:02:26] /Users/michaelharrison/Documents/IT/code/git/tmn/TMN/php/classes/TmnCrud.php; ln 522; Light Exception; TmnCrud Exception: Type mismatch. s_ft_pt_os=Overseas should be of type: Integer
#0 /Users/michaelharrison/Documents/IT/code/git/tmn/TMN/php/classes/TmnCrud.php(479): TmnCrud->valueMatchesType('s_ft_pt_os', 'Overseas', 'i')
#1 /Users/michaelharrison/Documents/IT/code/git/tmn/TMN/php/classes/TmnCrudSession.php(357): TmnCrud->loadDataFromAssocArray(Array)
#2 /Users/michaelharrison/Documents/IT/code/git/tmn/TMN/php/submit_tmn_for_authorisation.php(152): TmnCrudSession->loadDataFromAssocArray(Array)
#3 {main}
[2012/04/09 02:02:26] /Users/michaelharrison/Documents/IT/code/git/tmn/TMN/php/classes/TmnCrud.php; ln 522; Light Exception; TmnCrud Exception: Type mismatch. ft_pt_os=Overseas should be of type: Integer
#0 /Users/michaelharrison/Documents/IT/code/git/tmn/TMN/php/classes/TmnCrud.php(479): TmnCrud->valueMatchesType('ft_pt_os', 'Overseas', 'i')
#1 /Users/michaelharrison/Documents/IT/code/git/tmn/TMN/php/classes/TmnCrudSession.php(357): TmnCrud->loadDataFromAssocArray(Array)
#2 /Users/michaelharrison/Documents/IT/code/git/tmn/TMN/php/submit_tmn_for_authorisation.php(159): TmnCrudSession->loadDataFromAssocArray(Array)
#3 {main}
[2012/04/09 02:02:26] /Users/michaelharrison/Documents/IT/code/git/tmn/TMN/php/classes/TmnCrud.php; ln 522; Light Exception; TmnCrud Exception: Type mismatch. s_ft_pt_os=Overseas should be of type: Integer
#0 /Users/michaelharrison/Documents/IT/code/git/tmn/TMN/php/classes/TmnCrud.php(479): TmnCrud->valueMatchesType('s_ft_pt_os', 'Overseas', 'i')
#1 /Users/michaelharrison/Documents/IT/code/git/tmn/TMN/php/classes/TmnCrudSession.php(357): TmnCrud->loadDataFromAssocArray(Array)
#2 /Users/michaelharrison/Documents/IT/code/git/tmn/TMN/php/submit_tmn_for_authorisation.php(159): TmnCrudSession->loadDataFromAssocArray(Array)
#3 {main}
[2012/04/09 02:04:15] /Users/michaelharrison/Documents/IT/code/git/tmn/TMN/php/classes/TmnCrud.php; ln 522; Light Exception; TmnCrud Exception: Type mismatch. ft_pt_os=Overseas should be of type: Integer
#0 /Users/michaelharrison/Documents/IT/code/git/tmn/TMN/php/classes/TmnCrud.php(479): TmnCrud->valueMatchesType('ft_pt_os', 'Overseas', 'i')
#1 /Users/michaelharrison/Documents/IT/code/git/tmn/TMN/php/classes/TmnCrudSession.php(357): TmnCrud->loadDataFromAssocArray(Array)
#2 /Users/michaelharrison/Documents/IT/code/git/tmn/TMN/php/submit_tmn_for_authorisation.php(152): TmnCrudSession->loadDataFromAssocArray(Array)
#3 {main}
[2012/04/09 02:04:15] /Users/michaelharrison/Documents/IT/code/git/tmn/TMN/php/classes/TmnCrud.php; ln 522; Light Exception; TmnCrud Exception: Type mismatch. s_ft_pt_os=Overseas should be of type: Integer
#0 /Users/michaelharrison/Documents/IT/code/git/tmn/TMN/php/classes/TmnCrud.php(479): TmnCrud->valueMatchesType('s_ft_pt_os', 'Overseas', 'i')
#1 /Users/michaelharrison/Documents/IT/code/git/tmn/TMN/php/classes/TmnCrudSession.php(357): TmnCrud->loadDataFromAssocArray(Array)
#2 /Users/michaelharrison/Documents/IT/code/git/tmn/TMN/php/submit_tmn_for_authorisation.php(152): TmnCrudSession->loadDataFromAssocArray(Array)
#3 {main}
[2012/04/09 02:04:15] /Users/michaelharrison/Documents/IT/code/git/tmn/TMN/php/classes/TmnCrud.php; ln 522; Light Exception; TmnCrud Exception: Type mismatch. ft_pt_os=Overseas should be of type: Integer
#0 /Users/michaelharrison/Documents/IT/code/git/tmn/TMN/php/classes/TmnCrud.php(479): TmnCrud->valueMatchesType('ft_pt_os', 'Overseas', 'i')
#1 /Users/michaelharrison/Documents/IT/code/git/tmn/TMN/php/classes/TmnCrudSession.php(357): TmnCrud->loadDataFromAssocArray(Array)
#2 /Users/michaelharrison/Documents/IT/code/git/tmn/TMN/php/submit_tmn_for_authorisation.php(159): TmnCrudSession->loadDataFromAssocArray(Array)
#3 {main}
[2012/04/09 02:04:15] /Users/michaelharrison/Documents/IT/code/git/tmn/TMN/php/classes/TmnCrud.php; ln 522; Light Exception; TmnCrud Exception: Type mismatch. s_ft_pt_os=Overseas should be of type: Integer
#0 /Users/michaelharrison/Documents/IT/code/git/tmn/TMN/php/classes/TmnCrud.php(479): TmnCrud->valueMatchesType('s_ft_pt_os', 'Overseas', 'i')
#1 /Users/michaelharrison/Documents/IT/code/git/tmn/TMN/php/classes/TmnCrudSession.php(357): TmnCrud->loadDataFromAssocArray(Array)
#2 /Users/michaelharrison/Documents/IT/code/git/tmn/TMN/php/submit_tmn_for_authorisation.php(159): TmnCrudSession->loadDataFromAssocArray(Array)
#3 {main}
[2012/04/09 02:05:38] /Users/michaelharrison/Documents/IT/code/git/tmn/TMN/php/classes/TmnCrud.php; ln 522; Light Exception; TmnCrud Exception: Type mismatch. ft_pt_os=Overseas should be of type: Integer
#0 /Users/michaelharrison/Documents/IT/code/git/tmn/TMN/php/classes/TmnCrud.php(479): TmnCrud->valueMatchesType('ft_pt_os', 'Overseas', 'i')
#1 /Users/michaelharrison/Documents/IT/code/git/tmn/TMN/php/classes/TmnCrudSession.php(357): TmnCrud->loadDataFromAssocArray(Array)
#2 /Users/michaelharrison/Documents/IT/code/git/tmn/TMN/php/submit_tmn_for_authorisation.php(152): TmnCrudSession->loadDataFromAssocArray(Array)
#3 {main}
[2012/04/09 02:05:38] /Users/michaelharrison/Documents/IT/code/git/tmn/TMN/php/classes/TmnCrud.php; ln 522; Light Exception; TmnCrud Exception: Type mismatch. s_ft_pt_os=Overseas should be of type: Integer
#0 /Users/michaelharrison/Documents/IT/code/git/tmn/TMN/php/classes/TmnCrud.php(479): TmnCrud->valueMatchesType('s_ft_pt_os', 'Overseas', 'i')
#1 /Users/michaelharrison/Documents/IT/code/git/tmn/TMN/php/classes/TmnCrudSession.php(357): TmnCrud->loadDataFromAssocArray(Array)
#2 /Users/michaelharrison/Documents/IT/code/git/tmn/TMN/php/submit_tmn_for_authorisation.php(152): TmnCrudSession->loadDataFromAssocArray(Array)
#3 {main}
[2012/04/09 02:05:38] /Users/michaelharrison/Documents/IT/code/git/tmn/TMN/php/classes/TmnCrud.php; ln 522; Light Exception; TmnCrud Exception: Type mismatch. ft_pt_os=Overseas should be of type: Integer
#0 /Users/michaelharrison/Documents/IT/code/git/tmn/TMN/php/classes/TmnCrud.php(479): TmnCrud->valueMatchesType('ft_pt_os', 'Overseas', 'i')
#1 /Users/michaelharrison/Documents/IT/code/git/tmn/TMN/php/classes/TmnCrudSession.php(357): TmnCrud->loadDataFromAssocArray(Array)
#2 /Users/michaelharrison/Documents/IT/code/git/tmn/TMN/php/submit_tmn_for_authorisation.php(159): TmnCrudSession->loadDataFromAssocArray(Array)
#3 {main}
[2012/04/09 02:05:38] /Users/michaelharrison/Documents/IT/code/git/tmn/TMN/php/classes/TmnCrud.php; ln 522; Light Exception; TmnCrud Exception: Type mismatch. s_ft_pt_os=Overseas should be of type: Integer
#0 /Users/michaelharrison/Documents/IT/code/git/tmn/TMN/php/classes/TmnCrud.php(479): TmnCrud->valueMatchesType('s_ft_pt_os', 'Overseas', 'i')
#1 /Users/michaelharrison/Documents/IT/code/git/tmn/TMN/php/classes/TmnCrudSession.php(357): TmnCrud->loadDataFromAssocArray(Array)
#2 /Users/michaelharrison/Documents/IT/code/git/tmn/TMN/php/submit_tmn_for_authorisation.php(159): TmnCrudSession->loadDataFromAssocArray(Array)
#3 {main}
[2013/04/04 01:37:11] /Users/michaelharrison/Documents/IT/code/git/tmn/TMN/php/classes/TmnCrud.php; ln 633; Light Exception; TmnCrud Exception: Type mismatch. ft_pt_os=Full Time should be of type: Integer
#0 /Users/michaelharrison/Documents/IT/code/git/tmn/TMN/php/classes/TmnCrud.php(590): TmnCrud->valueMatchesType('ft_pt_os', 'Full Time', 'i')
#1 /Users/michaelharrison/Documents/IT/code/git/tmn/TMN/php/classes/TmnCrudSession.php(357): TmnCrud->loadDataFromAssocArray(Array)
#2 /Users/michaelharrison/Documents/IT/code/git/tmn/TMN/php/submit_tmn_for_authorisation.php(123): TmnCrudSession->loadDataFromAssocArray(Array)
#3 {main}
[2013/04/04 01:38:10] /Users/michaelharrison/Documents/IT/code/git/tmn/TMN/php/classes/TmnCrud.php; ln 633; Light Exception; TmnCrud Exception: Type mismatch. ft_pt_os=Full Time should be of type: Integer
#0 /Users/michaelharrison/Documents/IT/code/git/tmn/TMN/php/classes/TmnCrud.php(590): TmnCrud->valueMatchesType('ft_pt_os', 'Full Time', 'i')
#1 /Users/michaelharrison/Documents/IT/code/git/tmn/TMN/php/classes/TmnCrudSession.php(357): TmnCrud->loadDataFromAssocArray(Array)
#2 /Users/michaelharrison/Documents/IT/code/git/tmn/TMN/php/submit_tmn_for_authorisation.php(123): TmnCrudSession->loadDataFromAssocArray(Array)
#3 {main}
[2013/04/04 01:41:48] /Users/michaelharrison/Documents/IT/code/git/tmn/TMN/php/classes/TmnCrud.php; ln 633; Light Exception; TmnCrud Exception: Type mismatch. ft_pt_os=Full Time should be of type: Integer
#0 /Users/michaelharrison/Documents/IT/code/git/tmn/TMN/php/classes/TmnCrud.php(590): TmnCrud->valueMatchesType('ft_pt_os', 'Full Time', 'i')
#1 /Users/michaelharrison/Documents/IT/code/git/tmn/TMN/php/classes/TmnCrudSession.php(357): TmnCrud->loadDataFromAssocArray(Array)
#2 /Users/michaelharrison/Documents/IT/code/git/tmn/TMN/php/submit_tmn_for_authorisation.php(123): TmnCrudSession->loadDataFromAssocArray(Array)
#3 {main}
[2013/04/04 02:32:23] /Users/michaelharrison/Documents/IT/code/git/tmn/TMN/php/classes/TmnCrud.php; ln 633; Light Exception; TmnCrud Exception: Type mismatch. ft_pt_os=Full Time should be of type: Integer
#0 /Users/michaelharrison/Documents/IT/code/git/tmn/TMN/php/classes/TmnCrud.php(590): TmnCrud->valueMatchesType('ft_pt_os', 'Full Time', 'i')
#1 /Users/michaelharrison/Documents/IT/code/git/tmn/TMN/php/classes/TmnCrudSession.php(357): TmnCrud->loadDataFromAssocArray(Array)
#2 /Users/michaelharrison/Documents/IT/code/git/tmn/TMN/php/submit_tmn_for_authorisation.php(127): TmnCrudSession->loadDataFromAssocArray(Array)
#3 {main}
[2013/04/04 02:32:23] /Users/michaelharrison/Documents/IT/code/git/tmn/TMN/php/classes/TmnCrud.php; ln 633; Light Exception; TmnCrud Exception: Type mismatch. future_investment_mode=Pre-Tax Super should be of type: Integer
#0 /Users/michaelharrison/Documents/IT/code/git/tmn/TMN/php/classes/TmnCrud.php(590): TmnCrud->valueMatchesType('future_investme...', 'Pre-Tax Super', 'i')
#1 /Users/michaelharrison/Documents/IT/code/git/tmn/TMN/php/classes/TmnCrudSession.php(357): TmnCrud->loadDataFromAssocArray(Array)
#2 /Users/michaelharrison/Documents/IT/code/git/tmn/TMN/php/submit_tmn_for_authorisation.php(127): TmnCrudSession->loadDataFromAssocArray(Array)
#3 {main}
[2013/04/04 03:47:31] /Users/michaelharrison/Documents/IT/code/git/tmn/TMN/php/classes/TmnCrud.php; ln 633; Light Exception; TmnCrud Exception: Type mismatch. ft_pt_os=Full Time should be of type: Integer
#0 /Users/michaelharrison/Documents/IT/code/git/tmn/TMN/php/classes/TmnCrud.php(590): TmnCrud->valueMatchesType('ft_pt_os', 'Full Time', 'i')
#1 /Users/michaelharrison/Documents/IT/code/git/tmn/TMN/php/classes/TmnCrudSession.php(357): TmnCrud->loadDataFromAssocArray(Array)
#2 /Users/michaelharrison/Documents/IT/code/git/tmn/TMN/php/submit_tmn_for_authorisation.php(127): TmnCrudSession->loadDataFromAssocArray(Array)
#3 {main}
[2013/04/04 03:47:32] /Users/michaelharrison/Documents/IT/code/git/tmn/TMN/php/classes/TmnCrud.php; ln 633; Light Exception; TmnCrud Exception: Type mismatch. future_investment_mode=Pre-Tax Super should be of type: Integer
#0 /Users/michaelharrison/Documents/IT/code/git/tmn/TMN/php/classes/TmnCrud.php(590): TmnCrud->valueMatchesType('future_investme...', 'Pre-Tax Super', 'i')
#1 /Users/michaelharrison/Documents/IT/code/git/tmn/TMN/php/classes/TmnCrudSession.php(357): TmnCrud->loadDataFromAssocArray(Array)
#2 /Users/michaelharrison/Documents/IT/code/git/tmn/TMN/php/submit_tmn_for_authorisation.php(127): TmnCrudSession->loadDataFromAssocArray(Array)
#3 {main}
[2013/04/04 04:13:54] /Users/michaelharrison/Documents/IT/code/git/tmn/TMN/php/classes/TmnCrud.php; ln 633; Light Exception; TmnCrud Exception: Type mismatch. ft_pt_os=Full Time should be of type: Integer
#0 /Users/michaelharrison/Documents/IT/code/git/tmn/TMN/php/classes/TmnCrud.php(590): TmnCrud->valueMatchesType('ft_pt_os', 'Full Time', 'i')
#1 /Users/michaelharrison/Documents/IT/code/git/tmn/TMN/php/classes/TmnCrudSession.php(357): TmnCrud->loadDataFromAssocArray(Array)
#2 /Users/michaelharrison/Documents/IT/code/git/tmn/TMN/php/submit_tmn_for_authorisation.php(135): TmnCrudSession->loadDataFromAssocArray(Array)
#3 {main}
[2013/04/04 04:13:54] /Users/michaelharrison/Documents/IT/code/git/tmn/TMN/php/classes/TmnCrud.php; ln 633; Light Exception; TmnCrud Exception: Type mismatch. future_investment_mode=Pre-Tax Super should be of type: Integer
#0 /Users/michaelharrison/Documents/IT/code/git/tmn/TMN/php/classes/TmnCrud.php(590): TmnCrud->valueMatchesType('future_investme...', 'Pre-Tax Super', 'i')
#1 /Users/michaelharrison/Documents/IT/code/git/tmn/TMN/php/classes/TmnCrudSession.php(357): TmnCrud->loadDataFromAssocArray(Array)
#2 /Users/michaelharrison/Documents/IT/code/git/tmn/TMN/php/submit_tmn_for_authorisation.php(135): TmnCrudSession->loadDataFromAssocArray(Array)
#3 {main}
[2013/04/04 05:14:07] /Users/michaelharrison/Documents/IT/code/git/tmn/TMN/php/classes/TmnCrud.php; ln 633; Light Exception; TmnCrud Exception: Type mismatch. ft_pt_os=Full Time should be of type: Integer
#0 /Users/michaelharrison/Documents/IT/code/git/tmn/TMN/php/classes/TmnCrud.php(590): TmnCrud->valueMatchesType('ft_pt_os', 'Full Time', 'i')
#1 /Users/michaelharrison/Documents/IT/code/git/tmn/TMN/php/classes/TmnCrudSession.php(357): TmnCrud->loadDataFromAssocArray(Array)
#2 /Users/michaelharrison/Documents/IT/code/git/tmn/TMN/php/submit_tmn_for_authorisation.php(141): TmnCrudSession->loadDataFromAssocArray(Array)
#3 {main}
[2013/04/04 05:14:07] /Users/michaelharrison/Documents/IT/code/git/tmn/TMN/php/classes/TmnCrud.php; ln 633; Light Exception; TmnCrud Exception: Type mismatch. future_investment_mode=Pre-Tax Super should be of type: Integer
#0 /Users/michaelharrison/Documents/IT/code/git/tmn/TMN/php/classes/TmnCrud.php(590): TmnCrud->valueMatchesType('future_investme...', 'Pre-Tax Super', 'i')
#1 /Users/michaelharrison/Documents/IT/code/git/tmn/TMN/php/classes/TmnCrudSession.php(357): TmnCrud->loadDataFromAssocArray(Array)
#2 /Users/michaelharrison/Documents/IT/code/git/tmn/TMN/php/submit_tmn_for_authorisation.php(141): TmnCrudSession->loadDataFromAssocArray(Array)
#3 {main}
[2013/04/04 05:18:48] /Users/michaelharrison/Documents/IT/code/git/tmn/TMN/php/classes/TmnCrud.php; ln 633; Light Exception; TmnCrud Exception: Type mismatch. ft_pt_os=Full Time should be of type: Integer
#0 /Users/michaelharrison/Documents/IT/code/git/tmn/TMN/php/classes/TmnCrud.php(590): TmnCrud->valueMatchesType('ft_pt_os', 'Full Time', 'i')
#1 /Users/michaelharrison/Documents/IT/code/git/tmn/TMN/php/classes/TmnCrudSession.php(357): TmnCrud->loadDataFromAssocArray(Array)
#2 /Users/michaelharrison/Documents/IT/code/git/tmn/TMN/php/submit_tmn_for_authorisation.php(141): TmnCrudSession->loadDataFromAssocArray(Array)
#3 {main}
[2013/04/04 05:18:48] /Users/michaelharrison/Documents/IT/code/git/tmn/TMN/php/classes/TmnCrud.php; ln 633; Light Exception; TmnCrud Exception: Type mismatch. future_investment_mode=Pre-Tax Super should be of type: Integer
#0 /Users/michaelharrison/Documents/IT/code/git/tmn/TMN/php/classes/TmnCrud.php(590): TmnCrud->valueMatchesType('future_investme...', 'Pre-Tax Super', 'i')
#1 /Users/michaelharrison/Documents/IT/code/git/tmn/TMN/php/classes/TmnCrudSession.php(357): TmnCrud->loadDataFromAssocArray(Array)
#2 /Users/michaelharrison/Documents/IT/code/git/tmn/TMN/php/submit_tmn_for_authorisation.php(141): TmnCrudSession->loadDataFromAssocArray(Array)
#3 {main}
[2013/04/04 05:49:29] /Users/michaelharrison/Documents/IT/code/git/tmn/TMN/php/classes/TmnCrud.php; ln 633; Light Exception; TmnCrud Exception: Type mismatch. ft_pt_os=Full Time should be of type: Integer
#0 /Users/michaelharrison/Documents/IT/code/git/tmn/TMN/php/classes/TmnCrud.php(590): TmnCrud->valueMatchesType('ft_pt_os', 'Full Time', 'i')
#1 /Users/michaelharrison/Documents/IT/code/git/tmn/TMN/php/classes/TmnCrudSession.php(357): TmnCrud->loadDataFromAssocArray(Array)
#2 /Users/michaelharrison/Documents/IT/code/git/tmn/TMN/php/submit_tmn_for_authorisation.php(141): TmnCrudSession->loadDataFromAssocArray(Array)
#3 {main}
[2013/04/04 05:49:29] /Users/michaelharrison/Documents/IT/code/git/tmn/TMN/php/classes/TmnCrud.php; ln 633; Light Exception; TmnCrud Exception: Type mismatch. future_investment_mode=Pre-Tax Super should be of type: Integer
#0 /Users/michaelharrison/Documents/IT/code/git/tmn/TMN/php/classes/TmnCrud.php(590): TmnCrud->valueMatchesType('future_investme...', 'Pre-Tax Super', 'i')
#1 /Users/michaelharrison/Documents/IT/code/git/tmn/TMN/php/classes/TmnCrudSession.php(357): TmnCrud->loadDataFromAssocArray(Array)
#2 /Users/michaelharrison/Documents/IT/code/git/tmn/TMN/php/submit_tmn_for_authorisation.php(141): TmnCrudSession->loadDataFromAssocArray(Array)
#3 {main}
[2013/04/04 05:53:06] /Users/michaelharrison/Documents/IT/code/git/tmn/TMN/php/classes/TmnCrud.php; ln 633; Light Exception; TmnCrud Exception: Type mismatch. ft_pt_os=Full Time should be of type: Integer
#0 /Users/michaelharrison/Documents/IT/code/git/tmn/TMN/php/classes/TmnCrud.php(590): TmnCrud->valueMatchesType('ft_pt_os', 'Full Time', 'i')
#1 /Users/michaelharrison/Documents/IT/code/git/tmn/TMN/php/classes/TmnCrudSession.php(357): TmnCrud->loadDataFromAssocArray(Array)
#2 /Users/michaelharrison/Documents/IT/code/git/tmn/TMN/php/submit_tmn_for_authorisation.php(141): TmnCrudSession->loadDataFromAssocArray(Array)
#3 {main}
[2013/04/04 05:53:06] /Users/michaelharrison/Documents/IT/code/git/tmn/TMN/php/classes/TmnCrud.php; ln 633; Light Exception; TmnCrud Exception: Type mismatch. future_investment_mode=Pre-Tax Super should be of type: Integer
#0 /Users/michaelharrison/Documents/IT/code/git/tmn/TMN/php/classes/TmnCrud.php(590): TmnCrud->valueMatchesType('future_investme...', 'Pre-Tax Super', 'i')
#1 /Users/michaelharrison/Documents/IT/code/git/tmn/TMN/php/classes/TmnCrudSession.php(357): TmnCrud->loadDataFromAssocArray(Array)
#2 /Users/michaelharrison/Documents/IT/code/git/tmn/TMN/php/submit_tmn_for_authorisation.php(141): TmnCrudSession->loadDataFromAssocArray(Array)
#3 {main}
[2013/04/04 05:54:59] /Users/michaelharrison/Documents/IT/code/git/tmn/TMN/php/classes/TmnCrud.php; ln 633; Light Exception; TmnCrud Exception: Type mismatch. ft_pt_os=Full Time should be of type: Integer
#0 /Users/michaelharrison/Documents/IT/code/git/tmn/TMN/php/classes/TmnCrud.php(590): TmnCrud->valueMatchesType('ft_pt_os', 'Full Time', 'i')
#1 /Users/michaelharrison/Documents/IT/code/git/tmn/TMN/php/classes/TmnCrudSession.php(357): TmnCrud->loadDataFromAssocArray(Array)
#2 /Users/michaelharrison/Documents/IT/code/git/tmn/TMN/php/submit_tmn_for_authorisation.php(144): TmnCrudSession->loadDataFromAssocArray(Array)
#3 {main}
[2013/04/04 05:54:59] /Users/michaelharrison/Documents/IT/code/git/tmn/TMN/php/classes/TmnCrud.php; ln 633; Light Exception; TmnCrud Exception: Type mismatch. future_investment_mode=Pre-Tax Super should be of type: Integer
#0 /Users/michaelharrison/Documents/IT/code/git/tmn/TMN/php/classes/TmnCrud.php(590): TmnCrud->valueMatchesType('future_investme...', 'Pre-Tax Super', 'i')
#1 /Users/michaelharrison/Documents/IT/code/git/tmn/TMN/php/classes/TmnCrudSession.php(357): TmnCrud->loadDataFromAssocArray(Array)
#2 /Users/michaelharrison/Documents/IT/code/git/tmn/TMN/php/submit_tmn_for_authorisation.php(144): TmnCrudSession->loadDataFromAssocArray(Array)
#3 {main}
[2013/04/04 05:57:07] /Users/michaelharrison/Documents/IT/code/git/tmn/TMN/php/classes/TmnCrud.php; ln 633; Light Exception; TmnCrud Exception: Type mismatch. ft_pt_os=Full Time should be of type: Integer
#0 /Users/michaelharrison/Documents/IT/code/git/tmn/TMN/php/classes/TmnCrud.php(590): TmnCrud->valueMatchesType('ft_pt_os', 'Full Time', 'i')
#1 /Users/michaelharrison/Documents/IT/code/git/tmn/TMN/php/classes/TmnCrudSession.php(357): TmnCrud->loadDataFromAssocArray(Array)
#2 /Users/michaelharrison/Documents/IT/code/git/tmn/TMN/php/submit_tmn_for_authorisation.php(151): TmnCrudSession->loadDataFromAssocArray(Array)
#3 {main}
[2013/04/04 05:57:07] /Users/michaelharrison/Documents/IT/code/git/tmn/TMN/php/classes/TmnCrud.php; ln 633; Light Exception; TmnCrud Exception: Type mismatch. future_investment_mode=Pre-Tax Super should be of type: Integer
#0 /Users/michaelharrison/Documents/IT/code/git/tmn/TMN/php/classes/TmnCrud.php(590): TmnCrud->valueMatchesType('future_investme...', 'Pre-Tax Super', 'i')
#1 /Users/michaelharrison/Documents/IT/code/git/tmn/TMN/php/classes/TmnCrudSession.php(357): TmnCrud->loadDataFromAssocArray(Array)
#2 /Users/michaelharrison/Documents/IT/code/git/tmn/TMN/php/submit_tmn_for_authorisation.php(151): TmnCrudSession->loadDataFromAssocArray(Array)
#3 {main}
[2013/04/04 06:01:11] /Users/michaelharrison/Documents/IT/code/git/tmn/TMN/php/classes/TmnCrud.php; ln 633; Light Exception; TmnCrud Exception: Type mismatch. ft_pt_os=Full Time should be of type: Integer
#0 /Users/michaelharrison/Documents/IT/code/git/tmn/TMN/php/classes/TmnCrud.php(590): TmnCrud->valueMatchesType('ft_pt_os', 'Full Time', 'i')
#1 /Users/michaelharrison/Documents/IT/code/git/tmn/TMN/php/classes/TmnCrudSession.php(357): TmnCrud->loadDataFromAssocArray(Array)
#2 /Users/michaelharrison/Documents/IT/code/git/tmn/TMN/php/submit_tmn_for_authorisation.php(161): TmnCrudSession->loadDataFromAssocArray(Array)
#3 {main}
[2013/04/04 06:01:11] /Users/michaelharrison/Documents/IT/code/git/tmn/TMN/php/classes/TmnCrud.php; ln 633; Light Exception; TmnCrud Exception: Type mismatch. future_investment_mode=Pre-Tax Super should be of type: Integer
#0 /Users/michaelharrison/Documents/IT/code/git/tmn/TMN/php/classes/TmnCrud.php(590): TmnCrud->valueMatchesType('future_investme...', 'Pre-Tax Super', 'i')
#1 /Users/michaelharrison/Documents/IT/code/git/tmn/TMN/php/classes/TmnCrudSession.php(357): TmnCrud->loadDataFromAssocArray(Array)
#2 /Users/michaelharrison/Documents/IT/code/git/tmn/TMN/php/submit_tmn_for_authorisation.php(161): TmnCrudSession->loadDataFromAssocArray(Array)
#3 {main}
[2013/04/04 06:02:45] /Users/michaelharrison/Documents/IT/code/git/tmn/TMN/php/classes/TmnCrud.php; ln 633; Light Exception; TmnCrud Exception: Type mismatch. ft_pt_os=Full Time should be of type: Integer
#0 /Users/michaelharrison/Documents/IT/code/git/tmn/TMN/php/classes/TmnCrud.php(590): TmnCrud->valueMatchesType('ft_pt_os', 'Full Time', 'i')
#1 /Users/michaelharrison/Documents/IT/code/git/tmn/TMN/php/classes/TmnCrudSession.php(357): TmnCrud->loadDataFromAssocArray(Array)
#2 /Users/michaelharrison/Documents/IT/code/git/tmn/TMN/php/submit_tmn_for_authorisation.php(161): TmnCrudSession->loadDataFromAssocArray(Array)
#3 {main}
[2013/04/04 06:02:45] /Users/michaelharrison/Documents/IT/code/git/tmn/TMN/php/classes/TmnCrud.php; ln 633; Light Exception; TmnCrud Exception: Type mismatch. future_investment_mode=Pre-Tax Super should be of type: Integer
#0 /Users/michaelharrison/Documents/IT/code/git/tmn/TMN/php/classes/TmnCrud.php(590): TmnCrud->valueMatchesType('future_investme...', 'Pre-Tax Super', 'i')
#1 /Users/michaelharrison/Documents/IT/code/git/tmn/TMN/php/classes/TmnCrudSession.php(357): TmnCrud->loadDataFromAssocArray(Array)
#2 /Users/michaelharrison/Documents/IT/code/git/tmn/TMN/php/submit_tmn_for_authorisation.php(161): TmnCrudSession->loadDataFromAssocArray(Array)
#3 {main}
[2013/04/04 06:05:43] /Users/michaelharrison/Documents/IT/code/git/tmn/TMN/php/classes/TmnCrud.php; ln 633; Light Exception; TmnCrud Exception: Type mismatch. ft_pt_os=Full Time should be of type: Integer
#0 /Users/michaelharrison/Documents/IT/code/git/tmn/TMN/php/classes/TmnCrud.php(590): TmnCrud->valueMatchesType('ft_pt_os', 'Full Time', 'i')
#1 /Users/michaelharrison/Documents/IT/code/git/tmn/TMN/php/classes/TmnCrudSession.php(357): TmnCrud->loadDataFromAssocArray(Array)
#2 /Users/michaelharrison/Documents/IT/code/git/tmn/TMN/php/submit_tmn_for_authorisation.php(161): TmnCrudSession->loadDataFromAssocArray(Array)
#3 {main}
[2013/04/04 06:05:43] /Users/michaelharrison/Documents/IT/code/git/tmn/TMN/php/classes/TmnCrud.php; ln 633; Light Exception; TmnCrud Exception: Type mismatch. future_investment_mode=Pre-Tax Super should be of type: Integer
#0 /Users/michaelharrison/Documents/IT/code/git/tmn/TMN/php/classes/TmnCrud.php(590): TmnCrud->valueMatchesType('future_investme...', 'Pre-Tax Super', 'i')
#1 /Users/michaelharrison/Documents/IT/code/git/tmn/TMN/php/classes/TmnCrudSession.php(357): TmnCrud->loadDataFromAssocArray(Array)
#2 /Users/michaelharrison/Documents/IT/code/git/tmn/TMN/php/submit_tmn_for_authorisation.php(161): TmnCrudSession->loadDataFromAssocArray(Array)
#3 {main}
[2013/04/08 03:54:30] /Users/michaelharrison/Documents/IT/code/git/tmn/TMN/php/classes/TmnCrud.php; ln 633; Light Exception; TmnCrud Exception: Type mismatch. ft_pt_os=Full Time should be of type: Integer
#0 /Users/michaelharrison/Documents/IT/code/git/tmn/TMN/php/classes/TmnCrud.php(590): TmnCrud->valueMatchesType('ft_pt_os', 'Full Time', 'i')
#1 /Users/michaelharrison/Documents/IT/code/git/tmn/TMN/php/classes/TmnCrudSession.php(357): TmnCrud->loadDataFromAssocArray(Array)
#2 /Users/michaelharrison/Documents/IT/code/git/tmn/TMN/php/submit_tmn_for_authorisation.php(164): TmnCrudSession->loadDataFromAssocArray(Array)
#3 {main}
[2013/04/08 03:54:30] /Users/michaelharrison/Documents/IT/code/git/tmn/TMN/php/classes/TmnCrud.php; ln 633; Light Exception; TmnCrud Exception: Type mismatch. future_investment_mode=Pre-Tax Super should be of type: Integer
#0 /Users/michaelharrison/Documents/IT/code/git/tmn/TMN/php/classes/TmnCrud.php(590): TmnCrud->valueMatchesType('future_investme...', 'Pre-Tax Super', 'i')
#1 /Users/michaelharrison/Documents/IT/code/git/tmn/TMN/php/classes/TmnCrudSession.php(357): TmnCrud->loadDataFromAssocArray(Array)
#2 /Users/michaelharrison/Documents/IT/code/git/tmn/TMN/php/submit_tmn_for_authorisation.php(164): TmnCrudSession->loadDataFromAssocArray(Array)
#3 {main}
[2013/04/08 03:59:09] /Users/michaelharrison/Documents/IT/code/git/tmn/TMN/php/classes/TmnCrud.php; ln 633; Light Exception; TmnCrud Exception: Type mismatch. ft_pt_os=Full Time should be of type: Integer
#0 /Users/michaelharrison/Documents/IT/code/git/tmn/TMN/php/classes/TmnCrud.php(590): TmnCrud->valueMatchesType('ft_pt_os', 'Full Time', 'i')
#1 /Users/michaelharrison/Documents/IT/code/git/tmn/TMN/php/classes/TmnCrudSession.php(357): TmnCrud->loadDataFromAssocArray(Array)
#2 /Users/michaelharrison/Documents/IT/code/git/tmn/TMN/php/submit_tmn_for_authorisation.php(168): TmnCrudSession->loadDataFromAssocArray(Array)
#3 {main}
[2013/04/08 03:59:09] /Users/michaelharrison/Documents/IT/code/git/tmn/TMN/php/classes/TmnCrud.php; ln 633; Light Exception; TmnCrud Exception: Type mismatch. future_investment_mode=Pre-Tax Super should be of type: Integer
#0 /Users/michaelharrison/Documents/IT/code/git/tmn/TMN/php/classes/TmnCrud.php(590): TmnCrud->valueMatchesType('future_investme...', 'Pre-Tax Super', 'i')
#1 /Users/michaelharrison/Documents/IT/code/git/tmn/TMN/php/classes/TmnCrudSession.php(357): TmnCrud->loadDataFromAssocArray(Array)
#2 /Users/michaelharrison/Documents/IT/code/git/tmn/TMN/php/submit_tmn_for_authorisation.php(168): TmnCrudSession->loadDataFromAssocArray(Array)
#3 {main}
[2013/04/08 04:01:43] /Users/michaelharrison/Documents/IT/code/git/tmn/TMN/php/classes/TmnCrud.php; ln 633; Light Exception; TmnCrud Exception: Type mismatch. ft_pt_os=Full Time should be of type: Integer
#0 /Users/michaelharrison/Documents/IT/code/git/tmn/TMN/php/classes/TmnCrud.php(590): TmnCrud->valueMatchesType('ft_pt_os', 'Full Time', 'i')
#1 /Users/michaelharrison/Documents/IT/code/git/tmn/TMN/php/classes/TmnCrudSession.php(357): TmnCrud->loadDataFromAssocArray(Array)
#2 /Users/michaelharrison/Documents/IT/code/git/tmn/TMN/php/submit_tmn_for_authorisation.php(165): TmnCrudSession->loadDataFromAssocArray(Array)
#3 {main}
[2013/04/08 04:01:43] /Users/michaelharrison/Documents/IT/code/git/tmn/TMN/php/classes/TmnCrud.php; ln 633; Light Exception; TmnCrud Exception: Type mismatch. future_investment_mode=Pre-Tax Super should be of type: Integer
#0 /Users/michaelharrison/Documents/IT/code/git/tmn/TMN/php/classes/TmnCrud.php(590): TmnCrud->valueMatchesType('future_investme...', 'Pre-Tax Super', 'i')
#1 /Users/michaelharrison/Documents/IT/code/git/tmn/TMN/php/classes/TmnCrudSession.php(357): TmnCrud->loadDataFromAssocArray(Array)
#2 /Users/michaelharrison/Documents/IT/code/git/tmn/TMN/php/submit_tmn_for_authorisation.php(165): TmnCrudSession->loadDataFromAssocArray(Array)
#3 {main}
[2013/04/08 04:05:33] /Users/michaelharrison/Documents/IT/code/git/tmn/TMN/php/classes/TmnCrud.php; ln 633; Light Exception; TmnCrud Exception: Type mismatch. ft_pt_os=Full Time should be of type: Integer
#0 /Users/michaelharrison/Documents/IT/code/git/tmn/TMN/php/classes/TmnCrud.php(590): TmnCrud->valueMatchesType('ft_pt_os', 'Full Time', 'i')
#1 /Users/michaelharrison/Documents/IT/code/git/tmn/TMN/php/classes/TmnCrudSession.php(357): TmnCrud->loadDataFromAssocArray(Array)
#2 /Users/michaelharrison/Documents/IT/code/git/tmn/TMN/php/submit_tmn_for_authorisation.php(165): TmnCrudSession->loadDataFromAssocArray(Array)
#3 {main}
[2013/04/08 04:05:33] /Users/michaelharrison/Documents/IT/code/git/tmn/TMN/php/classes/TmnCrud.php; ln 633; Light Exception; TmnCrud Exception: Type mismatch. future_investment_mode=Pre-Tax Super should be of type: Integer
#0 /Users/michaelharrison/Documents/IT/code/git/tmn/TMN/php/classes/TmnCrud.php(590): TmnCrud->valueMatchesType('future_investme...', 'Pre-Tax Super', 'i')
#1 /Users/michaelharrison/Documents/IT/code/git/tmn/TMN/php/classes/TmnCrudSession.php(357): TmnCrud->loadDataFromAssocArray(Array)
#2 /Users/michaelharrison/Documents/IT/code/git/tmn/TMN/php/submit_tmn_for_authorisation.php(165): TmnCrudSession->loadDataFromAssocArray(Array)
#3 {main}
[2013/04/08 04:06:47] /Users/michaelharrison/Documents/IT/code/git/tmn/TMN/php/classes/TmnCrud.php; ln 633; Light Exception; TmnCrud Exception: Type mismatch. ft_pt_os=Full Time should be of type: Integer
#0 /Users/michaelharrison/Documents/IT/code/git/tmn/TMN/php/classes/TmnCrud.php(590): TmnCrud->valueMatchesType('ft_pt_os', 'Full Time', 'i')
#1 /Users/michaelharrison/Documents/IT/code/git/tmn/TMN/php/classes/TmnCrudSession.php(357): TmnCrud->loadDataFromAssocArray(Array)
#2 /Users/michaelharrison/Documents/IT/code/git/tmn/TMN/php/submit_tmn_for_authorisation.php(165): TmnCrudSession->loadDataFromAssocArray(Array)
#3 {main}
[2013/04/08 04:06:47] /Users/michaelharrison/Documents/IT/code/git/tmn/TMN/php/classes/TmnCrud.php; ln 633; Light Exception; TmnCrud Exception: Type mismatch. future_investment_mode=Pre-Tax Super should be of type: Integer
#0 /Users/michaelharrison/Documents/IT/code/git/tmn/TMN/php/classes/TmnCrud.php(590): TmnCrud->valueMatchesType('future_investme...', 'Pre-Tax Super', 'i')
#1 /Users/michaelharrison/Documents/IT/code/git/tmn/TMN/php/classes/TmnCrudSession.php(357): TmnCrud->loadDataFromAssocArray(Array)
#2 /Users/michaelharrison/Documents/IT/code/git/tmn/TMN/php/submit_tmn_for_authorisation.php(165): TmnCrudSession->loadDataFromAssocArray(Array)
#3 {main}
[2013/04/08 04:53:29] /Users/michaelharrison/Documents/IT/code/git/tmn/TMN/php/classes/TmnCrud.php; ln 633; Light Exception; TmnCrud Exception: Type mismatch. ft_pt_os=Overseas should be of type: Integer
#0 /Users/michaelharrison/Documents/IT/code/git/tmn/TMN/php/classes/TmnCrud.php(590): TmnCrud->valueMatchesType('ft_pt_os', 'Overseas', 'i')
#1 /Users/michaelharrison/Documents/IT/code/git/tmn/TMN/php/classes/TmnCrudSession.php(357): TmnCrud->loadDataFromAssocArray(Array)
#2 /Users/michaelharrison/Documents/IT/code/git/tmn/TMN/php/submit_tmn_for_authorisation.php(219): TmnCrudSession->loadDataFromAssocArray(Array)
#3 {main}
[2013/04/08 04:53:29] /Users/michaelharrison/Documents/IT/code/git/tmn/TMN/php/classes/TmnCrud.php; ln 633; Light Exception; TmnCrud Exception: Type mismatch. ft_pt_os=Overseas should be of type: Integer
#0 /Users/michaelharrison/Documents/IT/code/git/tmn/TMN/php/classes/TmnCrud.php(590): TmnCrud->valueMatchesType('ft_pt_os', 'Overseas', 'i')
#1 /Users/michaelharrison/Documents/IT/code/git/tmn/TMN/php/classes/TmnCrudSession.php(357): TmnCrud->loadDataFromAssocArray(Array)
#2 /Users/michaelharrison/Documents/IT/code/git/tmn/TMN/php/submit_tmn_for_authorisation.php(226): TmnCrudSession->loadDataFromAssocArray(Array)
#3 {main}
[2013/04/08 04:57:48] /Users/michaelharrison/Documents/IT/code/git/tmn/TMN/php/classes/TmnCrud.php; ln 633; Light Exception; TmnCrud Exception: Type mismatch. ft_pt_os=Overseas should be of type: Integer
#0 /Users/michaelharrison/Documents/IT/code/git/tmn/TMN/php/classes/TmnCrud.php(590): TmnCrud->valueMatchesType('ft_pt_os', 'Overseas', 'i')
#1 /Users/michaelharrison/Documents/IT/code/git/tmn/TMN/php/classes/TmnCrudSession.php(357): TmnCrud->loadDataFromAssocArray(Array)
#2 /Users/michaelharrison/Documents/IT/code/git/tmn/TMN/php/submit_tmn_for_authorisation.php(219): TmnCrudSession->loadDataFromAssocArray(Array)
#3 {main}
[2013/04/08 04:57:48] /Users/michaelharrison/Documents/IT/code/git/tmn/TMN/php/classes/TmnCrud.php; ln 633; Light Exception; TmnCrud Exception: Type mismatch. ft_pt_os=Overseas should be of type: Integer
#0 /Users/michaelharrison/Documents/IT/code/git/tmn/TMN/php/classes/TmnCrud.php(590): TmnCrud->valueMatchesType('ft_pt_os', 'Overseas', 'i')
#1 /Users/michaelharrison/Documents/IT/code/git/tmn/TMN/php/classes/TmnCrudSession.php(357): TmnCrud->loadDataFromAssocArray(Array)
#2 /Users/michaelharrison/Documents/IT/code/git/tmn/TMN/php/submit_tmn_for_authorisation.php(226): TmnCrudSession->loadDataFromAssocArray(Array)
#3 {main}
[2013/04/08 05:10:42] /Users/michaelharrison/Documents/IT/code/git/tmn/TMN/php/classes/TmnCrud.php; ln 633; Light Exception; TmnCrud Exception: Type mismatch. ft_pt_os=Overseas should be of type: Integer
#0 /Users/michaelharrison/Documents/IT/code/git/tmn/TMN/php/classes/TmnCrud.php(590): TmnCrud->valueMatchesType('ft_pt_os', 'Overseas', 'i')
#1 /Users/michaelharrison/Documents/IT/code/git/tmn/TMN/php/classes/TmnCrudSession.php(357): TmnCrud->loadDataFromAssocArray(Array)
#2 /Users/michaelharrison/Documents/IT/code/git/tmn/TMN/php/submit_tmn_for_authorisation.php(219): TmnCrudSession->loadDataFromAssocArray(Array)
#3 {main}
[2013/04/08 05:10:42] /Users/michaelharrison/Documents/IT/code/git/tmn/TMN/php/classes/TmnCrud.php; ln 633; Light Exception; TmnCrud Exception: Type mismatch. ft_pt_os=Overseas should be of type: Integer
#0 /Users/michaelharrison/Documents/IT/code/git/tmn/TMN/php/classes/TmnCrud.php(590): TmnCrud->valueMatchesType('ft_pt_os', 'Overseas', 'i')
#1 /Users/michaelharrison/Documents/IT/code/git/tmn/TMN/php/classes/TmnCrudSession.php(357): TmnCrud->loadDataFromAssocArray(Array)
#2 /Users/michaelharrison/Documents/IT/code/git/tmn/TMN/php/submit_tmn_for_authorisation.php(226): TmnCrudSession->loadDataFromAssocArray(Array)
#3 {main}
